#
# There is insufficient memory for the Java Runtime Environment to continue.
# Native memory allocation (malloc) failed to allocate 1190896 bytes for Chunk::new
# Possible reasons:
#   The system is out of physical RAM or swap space
#   In 32 bit mode, the process size limit was hit
# Possible solutions:
#   Reduce memory load on the system
#   Increase physical memory or swap space
#   Check if swap backing store is full
#   Use 64 bit Java on a 64 bit OS
#   Decrease Java heap size (-Xmx/-Xms)
#   Decrease number of Java threads
#   Decrease Java thread stack sizes (-Xss)
#   Set larger code cache with -XX:ReservedCodeCacheSize=
# This output file may be truncated or incomplete.
#
#  Out of Memory Error (allocation.cpp:390), pid=1972, tid=0x00000000000017fc
#
# JRE version: OpenJDK Runtime Environment (8.0_152-b06) (build 1.8.0_152-release-1136-b06)
# Java VM: OpenJDK 64-Bit Server VM (25.152-b06 mixed mode windows-amd64 compressed oops)
# Failed to write core dump. Minidumps are not enabled by default on client versions of Windows
#

---------------  T H R E A D  ---------------

Current thread (0x000000001656d800):  JavaThread "C2 CompilerThread0" daemon [_thread_in_native, id=6140, stack(0x0000000017bb0000,0x0000000017cb0000)]

Stack: [0x0000000017bb0000,0x0000000017cb0000]
[error occurred during error reporting (printing stack bounds), id 0xc0000005]

Native frames: (J=compiled Java code, j=interpreted, Vv=VM code, C=native code)


Current CompileTask:
C2:3056834 32649       4       com.android.ide.common.resources.ResourceMergerItem::getDetailsXml (9 bytes)


---------------  P R O C E S S  ---------------

Java Threads: ( => current thread )
  0x000000001ff7f000 JavaThread "stdout" daemon [_thread_in_native, id=7064, stack(0x000000005f5a0000,0x000000005f6a0000)]
  0x000000001ff71800 JavaThread "stderr" daemon [_thread_in_native, id=1576, stack(0x000000005f4a0000,0x000000005f5a0000)]
  0x000000001ff78800 JavaThread "stdout" daemon [_thread_in_native, id=6512, stack(0x000000005f3a0000,0x000000005f4a0000)]
  0x000000001ff76000 JavaThread "stderr" daemon [_thread_in_native, id=7452, stack(0x000000005f2a0000,0x000000005f3a0000)]
  0x000000001ff74000 JavaThread "stdout" daemon [_thread_in_native, id=5708, stack(0x000000005f1a0000,0x000000005f2a0000)]
  0x000000001d10b000 JavaThread "stderr" daemon [_thread_in_native, id=1384, stack(0x000000005f0a0000,0x000000005f1a0000)]
  0x000000001d111000 JavaThread "ForkJoinPool.commonPool-worker-1" daemon [_thread_blocked, id=5648, stack(0x000000005efa0000,0x000000005f0a0000)]
  0x000000001d108000 JavaThread "pool-141-thread-1" [_thread_blocked, id=6016, stack(0x000000005eea0000,0x000000005efa0000)]
  0x000000001d105800 JavaThread "ForkJoinPool.commonPool-worker-0" daemon [_thread_blocked, id=10728, stack(0x000000005eda0000,0x000000005eea0000)]
  0x000000001d105000 JavaThread "ForkJoinPool.commonPool-worker-3" daemon [_thread_blocked, id=10564, stack(0x000000005eca0000,0x000000005eda0000)]
  0x000000001d109800 JavaThread "Task worker for ':' Thread 3" [_thread_blocked, id=12740, stack(0x000000005eba0000,0x000000005eca0000)]
  0x000000001d10a000 JavaThread "Task worker for ':' Thread 2" [_thread_blocked, id=8428, stack(0x000000005eaa0000,0x000000005eba0000)]
  0x000000001de0f800 JavaThread "Task worker for ':'" [_thread_blocked, id=4700, stack(0x000000005e9a0000,0x000000005eaa0000)]
  0x000000001de0d000 JavaThread "Cache worker for Build Output Cleanup Cache (C:\Users\plare\Documents\GitHub\RCAdmin\.gradle\buildOutputCleanup)" [_thread_blocked, id=12824, stack(0x000000005e8a0000,0x000000005e9a0000)]
  0x000000001de11800 JavaThread "Cache worker for task history cache (C:\Users\plare\Documents\GitHub\RCAdmin\.gradle\4.6\taskHistory)" [_thread_blocked, id=11408, stack(0x000000005e7a0000,0x000000005e8a0000)]
  0x000000001de0e000 JavaThread "Build operations Thread 4" [_thread_blocked, id=4988, stack(0x000000005e6a0000,0x000000005e7a0000)]
  0x000000001de11000 JavaThread "Build operations Thread 3" [_thread_blocked, id=5640, stack(0x000000005e5a0000,0x000000005e6a0000)]
  0x000000001de05800 JavaThread "Build operations Thread 2" [_thread_blocked, id=11516, stack(0x000000005e4a0000,0x000000005e5a0000)]
  0x000000001de0c800 JavaThread "Build operations" [_thread_blocked, id=8852, stack(0x000000005e3a0000,0x000000005e4a0000)]
  0x000000001de04000 JavaThread "Cache worker for Artifact transforms cache (C:\Users\plare\.gradle\caches\transforms-1)" [_thread_blocked, id=12356, stack(0x000000005e2a0000,0x000000005e3a0000)]
  0x000000001de0a000 JavaThread "Cache worker for file hash cache (C:\Users\plare\Documents\GitHub\RCAdmin\.gradle\4.6\fileHashes)" [_thread_blocked, id=9064, stack(0x000000005e1a0000,0x000000005e2a0000)]
  0x000000001c6df000 JavaThread "Stdin handler" [_thread_blocked, id=7648, stack(0x000000005e0a0000,0x000000005e1a0000)]
  0x000000001c6de000 JavaThread "Asynchronous log dispatcher for DefaultDaemonConnection: socket connection from /127.0.0.1:54359 to /127.0.0.1:54985" [_thread_blocked, id=4224, stack(0x000000005dfa0000,0x000000005e0a0000)]
  0x000000001c6dd800 JavaThread "Cancel handler" [_thread_blocked, id=13248, stack(0x000000005dea0000,0x000000005dfa0000)]
  0x000000001c6dc800 JavaThread "Handler for socket connection from /127.0.0.1:54359 to /127.0.0.1:54985" [_thread_in_native, id=3320, stack(0x000000005dda0000,0x000000005dea0000)]
  0x000000001de0b800 JavaThread "Daemon worker Thread 11" [_thread_blocked, id=9960, stack(0x000000005bfa0000,0x000000005c0a0000)]
  0x000000001de08800 JavaThread "Daemon Thread 11" [_thread_blocked, id=12324, stack(0x000000005bca0000,0x000000005bda0000)]
  0x000000001c6e1000 JavaThread "Memory manager" [_thread_blocked, id=2344, stack(0x0000000021c60000,0x0000000021d60000)]
  0x000000001c6e0800 JavaThread "pool-1-thread-1" [_thread_blocked, id=11972, stack(0x0000000021960000,0x0000000021a60000)]
  0x000000001987a800 JavaThread "File lock request listener" [_thread_in_native, id=6652, stack(0x000000001b000000,0x000000001b100000)]
  0x000000001941f000 JavaThread "Cache worker for file hash cache (C:\Users\plare\.gradle\caches\4.6\fileHashes)" [_thread_blocked, id=3400, stack(0x000000001af00000,0x000000001b000000)]
  0x0000000019371800 JavaThread "Daemon periodic checks" [_thread_blocked, id=7568, stack(0x000000001a400000,0x000000001a500000)]
  0x0000000019501800 JavaThread "Incoming local TCP Connector on port 54359" [_thread_in_native, id=6204, stack(0x000000001a1c0000,0x000000001a2c0000)]
  0x0000000017ed0800 JavaThread "Service Thread" daemon [_thread_blocked, id=4832, stack(0x00000000182b0000,0x00000000183b0000)]
  0x0000000016576800 JavaThread "C1 CompilerThread2" daemon [_thread_blocked, id=11988, stack(0x0000000017db0000,0x0000000017eb0000)]
  0x0000000016573000 JavaThread "C2 CompilerThread1" daemon [_thread_in_native, id=4916, stack(0x0000000017cb0000,0x0000000017db0000)]
=>0x000000001656d800 JavaThread "C2 CompilerThread0" daemon [_thread_in_native, id=6140, stack(0x0000000017bb0000,0x0000000017cb0000)]
  0x000000001656c000 JavaThread "Attach Listener" daemon [_thread_blocked, id=6956, stack(0x0000000017ab0000,0x0000000017bb0000)]
  0x000000001656b000 JavaThread "Signal Dispatcher" daemon [_thread_blocked, id=9032, stack(0x00000000179b0000,0x0000000017ab0000)]
  0x0000000002bf9000 JavaThread "Finalizer" daemon [_thread_blocked, id=6532, stack(0x00000000177c0000,0x00000000178c0000)]
  0x0000000002bf2800 JavaThread "Reference Handler" daemon [_thread_blocked, id=12144, stack(0x00000000176c0000,0x00000000177c0000)]
  0x0000000002a6d800 JavaThread "main" [_thread_blocked, id=1080, stack(0x0000000002910000,0x0000000002a10000)]

Other Threads:
  0x0000000016535800 VMThread [stack: 0x00000000175c0000,0x00000000176c0000] [id=4240]
  0x0000000017ed5000 WatcherThread [stack: 0x00000000183b0000,0x00000000184b0000] [id=9864]

VM state:not at safepoint (normal execution)

VM Mutex/Monitor currently owned by a thread: None

Heap:
 PSYoungGen      total 402432K, used 217696K [0x00000000e0000000, 0x0000000100000000, 0x0000000100000000)
  eden space 312320K, 60% used [0x00000000e0000000,0x00000000eb92c500,0x00000000f3100000)
  from space 90112K, 31% used [0x00000000f9980000,0x00000000fb4ebec0,0x00000000ff180000)
  to   space 105984K, 0% used [0x00000000f3100000,0x00000000f3100000,0x00000000f9880000)
 ParOldGen       total 280576K, used 178163K [0x00000000a0000000, 0x00000000b1200000, 0x00000000e0000000)
  object space 280576K, 63% used [0x00000000a0000000,0x00000000aadfcd30,0x00000000b1200000)
 Metaspace       used 95230K, capacity 101306K, committed 101464K, reserved 1138688K
  class space    used 11747K, capacity 12828K, committed 12928K, reserved 1048576K

Card table byte_map: [0x0000000011fc0000,0x00000000122d0000] byte_map_base: 0x0000000011ac0000

Marking Bits: (ParMarkBitMap*) 0x0000000066b25aa0
 Begin Bits: [0x00000000128d0000, 0x00000000140d0000)
 End Bits:   [0x00000000140d0000, 0x00000000158d0000)

Polling page: 0x0000000002a10000

CodeCache: size=245760Kb used=86856Kb max_used=86856Kb free=158903Kb
 bounds [0x0000000002c00000, 0x0000000008170000, 0x0000000011c00000]
 total_blobs=23841 nmethods=22951 adapters=800
 compilation: enabled

Compilation events (10 events):
Event: 3055.594 Thread 0x0000000016573000 32646       4       com.android.ide.common.resources.NodeUtils::duplicateNode (315 bytes)
Event: 3055.594 Thread 0x000000001656d800 32647       4       com.sun.org.apache.xerces.internal.dom.CoreDocumentImpl::createElement (47 bytes)
Event: 3055.602 Thread 0x000000001656d800 nmethod 32647 0x0000000006a6a150 code [0x0000000006a6a2a0, 0x0000000006a6a698]
Event: 3055.602 Thread 0x000000001656d800 32649       4       com.android.ide.common.resources.ResourceMergerItem::getDetailsXml (9 bytes)
Event: 3055.602 Thread 0x0000000016576800 32650       3       com.sun.org.apache.xerces.internal.dom.ParentNode::internalInsertBefore (661 bytes)
Event: 3055.605 Thread 0x0000000016576800 nmethod 32650 0x0000000008141090 code [0x0000000008141520, 0x0000000008144178]
Event: 3055.605 Thread 0x0000000016576800 32651       3       com.sun.org.apache.xerces.internal.dom.ParentNode::checkNormalizationAfterInsert (63 bytes)
Event: 3055.606 Thread 0x0000000016576800 nmethod 32651 0x0000000005cc7b50 code [0x0000000005cc7d20, 0x0000000005cc8768]
Event: 3055.615 Thread 0x0000000016576800 32654       3       com.android.ide.common.resources.DataSet::appendToXml (386 bytes)
Event: 3055.619 Thread 0x0000000016576800 nmethod 32654 0x0000000008150050 code [0x0000000008150560, 0x00000000081534e8]

GC Heap History (10 events):
Event: 3001.431 GC heap before
{Heap before GC invocations=159 (full 10):
 PSYoungGen      total 428032K, used 334559K [0x00000000e0000000, 0x0000000100000000, 0x0000000100000000)
  eden space 329216K, 100% used [0x00000000e0000000,0x00000000f4180000,0x00000000f4180000)
  from space 98816K, 5% used [0x00000000f9f80000,0x00000000fa4b7d08,0x0000000100000000)
  to   space 96256K, 0% used [0x00000000f4180000,0x00000000f4180000,0x00000000f9f80000)
 ParOldGen       total 280576K, used 175024K [0x00000000a0000000, 0x00000000b1200000, 0x00000000e0000000)
  object space 280576K, 62% used [0x00000000a0000000,0x00000000aaaec198,0x00000000b1200000)
 Metaspace       used 94599K, capacity 100576K, committed 101080K, reserved 1138688K
  class space    used 11680K, capacity 12699K, committed 12800K, reserved 1048576K
Event: 3001.463 GC heap after
Heap after GC invocations=159 (full 10):
 PSYoungGen      total 355328K, used 25785K [0x00000000e0000000, 0x00000000ff180000, 0x0000000100000000)
  eden space 329216K, 0% used [0x00000000e0000000,0x00000000e0000000,0x00000000f4180000)
  from space 26112K, 98% used [0x00000000f4180000,0x00000000f5aae6d8,0x00000000f5b00000)
  to   space 90112K, 0% used [0x00000000f9980000,0x00000000f9980000,0x00000000ff180000)
 ParOldGen       total 280576K, used 179668K [0x00000000a0000000, 0x00000000b1200000, 0x00000000e0000000)
  object space 280576K, 64% used [0x00000000a0000000,0x00000000aaf75020,0x00000000b1200000)
 Metaspace       used 94599K, capacity 100576K, committed 101080K, reserved 1138688K
  class space    used 11680K, capacity 12699K, committed 12800K, reserved 1048576K
}
Event: 3011.159 GC heap before
{Heap before GC invocations=160 (full 10):
 PSYoungGen      total 355328K, used 355001K [0x00000000e0000000, 0x00000000ff180000, 0x0000000100000000)
  eden space 329216K, 100% used [0x00000000e0000000,0x00000000f4180000,0x00000000f4180000)
  from space 26112K, 98% used [0x00000000f4180000,0x00000000f5aae6d8,0x00000000f5b00000)
  to   space 90112K, 0% used [0x00000000f9980000,0x00000000f9980000,0x00000000ff180000)
 ParOldGen       total 280576K, used 179668K [0x00000000a0000000, 0x00000000b1200000, 0x00000000e0000000)
  object space 280576K, 64% used [0x00000000a0000000,0x00000000aaf75020,0x00000000b1200000)
 Metaspace       used 94667K, capacity 100576K, committed 101080K, reserved 1138688K
  class space    used 11680K, capacity 12699K, committed 12800K, reserved 1048576K
Event: 3011.190 GC heap after
Heap after GC invocations=160 (full 10):
 PSYoungGen      total 419328K, used 36435K [0x00000000e0000000, 0x00000000ff180000, 0x0000000100000000)
  eden space 329216K, 0% used [0x00000000e0000000,0x00000000e0000000,0x00000000f4180000)
  from space 90112K, 40% used [0x00000000f9980000,0x00000000fbd14dc8,0x00000000ff180000)
  to   space 26112K, 0% used [0x00000000f4180000,0x00000000f4180000,0x00000000f5b00000)
 ParOldGen       total 280576K, used 190741K [0x00000000a0000000, 0x00000000b1200000, 0x00000000e0000000)
  object space 280576K, 67% used [0x00000000a0000000,0x00000000aba45610,0x00000000b1200000)
 Metaspace       used 94667K, capacity 100576K, committed 101080K, reserved 1138688K
  class space    used 11680K, capacity 12699K, committed 12800K, reserved 1048576K
}
Event: 3012.142 GC heap before
{Heap before GC invocations=161 (full 10):
 PSYoungGen      total 419328K, used 365651K [0x00000000e0000000, 0x00000000ff180000, 0x0000000100000000)
  eden space 329216K, 100% used [0x00000000e0000000,0x00000000f4180000,0x00000000f4180000)
  from space 90112K, 40% used [0x00000000f9980000,0x00000000fbd14dc8,0x00000000ff180000)
  to   space 26112K, 0% used [0x00000000f4180000,0x00000000f4180000,0x00000000f5b00000)
 ParOldGen       total 280576K, used 190741K [0x00000000a0000000, 0x00000000b1200000, 0x00000000e0000000)
  object space 280576K, 67% used [0x00000000a0000000,0x00000000aba45610,0x00000000b1200000)
 Metaspace       used 94668K, capacity 100576K, committed 101080K, reserved 1138688K
  class space    used 11680K, capacity 12699K, committed 12800K, reserved 1048576K
Event: 3012.263 GC heap after
Heap after GC invocations=161 (full 10):
 PSYoungGen      total 355328K, used 26082K [0x00000000e0000000, 0x00000000ff180000, 0x0000000100000000)
  eden space 329216K, 0% used [0x00000000e0000000,0x00000000e0000000,0x00000000f4180000)
  from space 26112K, 99% used [0x00000000f4180000,0x00000000f5af8850,0x00000000f5b00000)
  to   space 90112K, 0% used [0x00000000f9980000,0x00000000f9980000,0x00000000ff180000)
 ParOldGen       total 280576K, used 273587K [0x00000000a0000000, 0x00000000b1200000, 0x00000000e0000000)
  object space 280576K, 97% used [0x00000000a0000000,0x00000000b0b2cdf0,0x00000000b1200000)
 Metaspace       used 94668K, capacity 100576K, committed 101080K, reserved 1138688K
  class space    used 11680K, capacity 12699K, committed 12800K, reserved 1048576K
}
Event: 3012.263 GC heap before
{Heap before GC invocations=162 (full 11):
 PSYoungGen      total 355328K, used 26082K [0x00000000e0000000, 0x00000000ff180000, 0x0000000100000000)
  eden space 329216K, 0% used [0x00000000e0000000,0x00000000e0000000,0x00000000f4180000)
  from space 26112K, 99% used [0x00000000f4180000,0x00000000f5af8850,0x00000000f5b00000)
  to   space 90112K, 0% used [0x00000000f9980000,0x00000000f9980000,0x00000000ff180000)
 ParOldGen       total 280576K, used 273587K [0x00000000a0000000, 0x00000000b1200000, 0x00000000e0000000)
  object space 280576K, 97% used [0x00000000a0000000,0x00000000b0b2cdf0,0x00000000b1200000)
 Metaspace       used 94668K, capacity 100576K, committed 101080K, reserved 1138688K
  class space    used 11680K, capacity 12699K, committed 12800K, reserved 1048576K
Event: 3013.390 GC heap after
Heap after GC invocations=162 (full 11):
 PSYoungGen      total 355328K, used 0K [0x00000000e0000000, 0x00000000ff180000, 0x0000000100000000)
  eden space 329216K, 0% used [0x00000000e0000000,0x00000000e0000000,0x00000000f4180000)
  from space 26112K, 0% used [0x00000000f4180000,0x00000000f4180000,0x00000000f5b00000)
  to   space 90112K, 0% used [0x00000000f9980000,0x00000000f9980000,0x00000000ff180000)
 ParOldGen       total 280576K, used 178155K [0x00000000a0000000, 0x00000000b1200000, 0x00000000e0000000)
  object space 280576K, 63% used [0x00000000a0000000,0x00000000aadfad30,0x00000000b1200000)
 Metaspace       used 94668K, capacity 100576K, committed 101080K, reserved 1138688K
  class space    used 11680K, capacity 12699K, committed 12800K, reserved 1048576K
}
Event: 3049.595 GC heap before
{Heap before GC invocations=163 (full 11):
 PSYoungGen      total 355328K, used 329216K [0x00000000e0000000, 0x00000000ff180000, 0x0000000100000000)
  eden space 329216K, 100% used [0x00000000e0000000,0x00000000f4180000,0x00000000f4180000)
  from space 26112K, 0% used [0x00000000f4180000,0x00000000f4180000,0x00000000f5b00000)
  to   space 90112K, 0% used [0x00000000f9980000,0x00000000f9980000,0x00000000ff180000)
 ParOldGen       total 280576K, used 178155K [0x00000000a0000000, 0x00000000b1200000, 0x00000000e0000000)
  object space 280576K, 63% used [0x00000000a0000000,0x00000000aadfad30,0x00000000b1200000)
 Metaspace       used 95095K, capacity 101178K, committed 101464K, reserved 1138688K
  class space    used 11738K, capacity 12828K, committed 12928K, reserved 1048576K
Event: 3049.615 GC heap after
Heap after GC invocations=163 (full 11):
 PSYoungGen      total 402432K, used 28079K [0x00000000e0000000, 0x0000000100000000, 0x0000000100000000)
  eden space 312320K, 0% used [0x00000000e0000000,0x00000000e0000000,0x00000000f3100000)
  from space 90112K, 31% used [0x00000000f9980000,0x00000000fb4ebec0,0x00000000ff180000)
  to   space 105984K, 0% used [0x00000000f3100000,0x00000000f3100000,0x00000000f9880000)
 ParOldGen       total 280576K, used 178163K [0x00000000a0000000, 0x00000000b1200000, 0x00000000e0000000)
  object space 280576K, 63% used [0x00000000a0000000,0x00000000aadfcd30,0x00000000b1200000)
 Metaspace       used 95095K, capacity 101178K, committed 101464K, reserved 1138688K
  class space    used 11738K, capacity 12828K, committed 12928K, reserved 1048576K
}

Deoptimization events (10 events):
Event: 3053.024 Thread 0x000000001d109800 Uncommon trap: reason=unstable_if action=reinterpret pc=0x00000000054d4f34 method=com.sun.org.apache.xerces.internal.impl.XMLNSDocumentScannerImpl.scanStartElement()Z @ 1000
Event: 3053.118 Thread 0x000000001d109800 Uncommon trap: reason=unstable_if action=reinterpret pc=0x000000000519b52c method=com.sun.org.apache.xerces.internal.impl.XMLEntityScanner.scanContent(Lcom/sun/org/apache/xerces/internal/xni/XMLString;)I @ 670
Event: 3053.118 Thread 0x000000001d109800 Uncommon trap: reason=unstable_if action=reinterpret pc=0x0000000003a65788 method=com.sun.org.apache.xerces.internal.impl.XMLEntityScanner.scanContent(Lcom/sun/org/apache/xerces/internal/xni/XMLString;)I @ 670
Event: 3053.147 Thread 0x000000001d109800 Uncommon trap: reason=unstable_if action=reinterpret pc=0x00000000080c56d8 method=com.android.ide.common.resources.DataSet.isIgnored(Ljava/io/File;)Z @ 198
Event: 3053.345 Thread 0x000000001d109800 Uncommon trap: reason=unstable_if action=reinterpret pc=0x0000000005ededc8 method=com.google.common.cache.LocalCache$Segment.getEntry(Ljava/lang/Object;I)Lcom/google/common/cache/LocalCache$ReferenceEntry; @ 17
Event: 3055.594 Thread 0x000000001d109800 Uncommon trap: reason=class_check action=maybe_recompile pc=0x0000000007c64344 method=com.android.ide.common.resources.NodeUtils.duplicateNode(Lorg/w3c/dom/Document;Lorg/w3c/dom/Node;)Lorg/w3c/dom/Node; @ 1
Event: 3055.594 Thread 0x000000001d109800 Uncommon trap: reason=class_check action=maybe_recompile pc=0x0000000007c64344 method=com.android.ide.common.resources.NodeUtils.duplicateNode(Lorg/w3c/dom/Document;Lorg/w3c/dom/Node;)Lorg/w3c/dom/Node; @ 1
Event: 3055.594 Thread 0x000000001d109800 Uncommon trap: reason=class_check action=maybe_recompile pc=0x0000000007c64344 method=com.android.ide.common.resources.NodeUtils.duplicateNode(Lorg/w3c/dom/Document;Lorg/w3c/dom/Node;)Lorg/w3c/dom/Node; @ 1
Event: 3055.602 Thread 0x000000001d109800 Uncommon trap: reason=unstable_if action=reinterpret pc=0x0000000007c0386c method=com.sun.org.apache.xerces.internal.dom.ParentNode.checkNormalizationAfterInsert(Lcom/sun/org/apache/xerces/internal/dom/ChildNode;)V @ 27
Event: 3055.605 Thread 0x000000001d109800 Uncommon trap: reason=unstable_if action=reinterpret pc=0x0000000007bffd4c method=com.sun.org.apache.xerces.internal.dom.ParentNode.checkNormalizationAfterInsert(Lcom/sun/org/apache/xerces/internal/dom/ChildNode;)V @ 27

Classes redefined (0 events):
No events

Internal exceptions (10 events):
Event: 3046.003 Thread 0x000000001de0f800 Exception <a 'sun/nio/fs/WindowsException'> (0x00000000ed3b2948) thrown at [D:\src\AOSP-openjdk-cygwin\jdk8u\hotspot\src\share\vm\prims\jni.cpp, line 709]
Event: 3046.003 Thread 0x000000001de0f800 Exception <a 'sun/nio/fs/WindowsException'> (0x00000000ed3b2ec8) thrown at [D:\src\AOSP-openjdk-cygwin\jdk8u\hotspot\src\share\vm\prims\jni.cpp, line 709]
Event: 3046.003 Thread 0x000000001de0f800 Exception <a 'sun/nio/fs/WindowsException'> (0x00000000ed3b3e38) thrown at [D:\src\AOSP-openjdk-cygwin\jdk8u\hotspot\src\share\vm\prims\jni.cpp, line 709]
Event: 3046.003 Thread 0x000000001de0f800 Exception <a 'sun/nio/fs/WindowsException'> (0x00000000ed3b43b8) thrown at [D:\src\AOSP-openjdk-cygwin\jdk8u\hotspot\src\share\vm\prims\jni.cpp, line 709]
Event: 3046.003 Thread 0x000000001de0f800 Exception <a 'sun/nio/fs/WindowsException'> (0x00000000ed3b5450) thrown at [D:\src\AOSP-openjdk-cygwin\jdk8u\hotspot\src\share\vm\prims\jni.cpp, line 709]
Event: 3046.003 Thread 0x000000001de0f800 Exception <a 'sun/nio/fs/WindowsException'> (0x00000000ed3b59d0) thrown at [D:\src\AOSP-openjdk-cygwin\jdk8u\hotspot\src\share\vm\prims\jni.cpp, line 709]
Event: 3046.003 Thread 0x000000001de0f800 Exception <a 'sun/nio/fs/WindowsException'> (0x00000000ed3b6968) thrown at [D:\src\AOSP-openjdk-cygwin\jdk8u\hotspot\src\share\vm\prims\jni.cpp, line 709]
Event: 3046.003 Thread 0x000000001de0f800 Exception <a 'sun/nio/fs/WindowsException'> (0x00000000ed3b6ee8) thrown at [D:\src\AOSP-openjdk-cygwin\jdk8u\hotspot\src\share\vm\prims\jni.cpp, line 709]
Event: 3046.039 Thread 0x000000001de0f800 Exception <a 'sun/nio/fs/WindowsException'> (0x00000000ed48c250) thrown at [D:\src\AOSP-openjdk-cygwin\jdk8u\hotspot\src\share\vm\prims\jni.cpp, line 709]
Event: 3053.024 Thread 0x000000001d109800 Implicit null exception at 0x00000000054d3566 to 0x00000000054d4f25

Events (10 events):
Event: 3055.719 Thread 0x000000001d108000 Thread added: 0x000000001d108000
Event: 3055.720 Thread 0x000000001d111000 Thread added: 0x000000001d111000
Event: 3055.720 Executing VM operation: RevokeBias
Event: 3055.721 Executing VM operation: RevokeBias done
Event: 3055.723 Thread 0x000000001d10b000 Thread added: 0x000000001d10b000
Event: 3055.723 Thread 0x000000001ff74000 Thread added: 0x000000001ff74000
Event: 3055.725 Thread 0x000000001ff76000 Thread added: 0x000000001ff76000
Event: 3055.725 Thread 0x000000001ff78800 Thread added: 0x000000001ff78800
Event: 3055.728 Thread 0x000000001ff71800 Thread added: 0x000000001ff71800
Event: 3055.728 Thread 0x000000001ff7f000 Thread added: 0x000000001ff7f000


Dynamic libraries:
0x00007ff77dc90000 - 0x00007ff77dcc1000 	C:\Program Files\Android\Android Studio\jre\bin\java.exe
0x00007ff990810000 - 0x00007ff9909f1000 	C:\WINDOWS\SYSTEM32\ntdll.dll
0x00007ff98ef50000 - 0x00007ff98f002000 	C:\WINDOWS\System32\KERNEL32.DLL
0x00007ff98da20000 - 0x00007ff98dc93000 	C:\WINDOWS\System32\KERNELBASE.dll
0x00007ff98eca0000 - 0x00007ff98ed41000 	C:\WINDOWS\System32\ADVAPI32.dll
0x00007ff98e8e0000 - 0x00007ff98e97e000 	C:\WINDOWS\System32\msvcrt.dll
0x00007ff98e880000 - 0x00007ff98e8db000 	C:\WINDOWS\System32\sechost.dll
0x00007ff98e750000 - 0x00007ff98e874000 	C:\WINDOWS\System32\RPCRT4.dll
0x00007ff98ed50000 - 0x00007ff98eee0000 	C:\WINDOWS\System32\USER32.dll
0x00007ff98d110000 - 0x00007ff98d130000 	C:\WINDOWS\System32\win32u.dll
0x00007ff98ef20000 - 0x00007ff98ef48000 	C:\WINDOWS\System32\GDI32.dll
0x00007ff98cc80000 - 0x00007ff98ce12000 	C:\WINDOWS\System32\gdi32full.dll
0x00007ff98cbe0000 - 0x00007ff98cc7f000 	C:\WINDOWS\System32\msvcp_win.dll
0x00007ff98d010000 - 0x00007ff98d10a000 	C:\WINDOWS\System32\ucrtbase.dll
0x00007ff979590000 - 0x00007ff9797f9000 	C:\WINDOWS\WinSxS\amd64_microsoft.windows.common-controls_6595b64144ccf1df_6.0.17134.345_none_fb429a5930656358\COMCTL32.dll
0x00007ff98dd50000 - 0x00007ff98e073000 	C:\WINDOWS\System32\combase.dll
0x00007ff98d130000 - 0x00007ff98d1aa000 	C:\WINDOWS\System32\bcryptPrimitives.dll
0x00007ff98eef0000 - 0x00007ff98ef1d000 	C:\WINDOWS\System32\IMM32.DLL
0x00000000661a0000 - 0x0000000066272000 	C:\Program Files\Android\Android Studio\jre\jre\bin\msvcr100.dll
0x0000000066360000 - 0x0000000066ba1000 	C:\Program Files\Android\Android Studio\jre\jre\bin\server\jvm.dll
0x00007ff98eee0000 - 0x00007ff98eee8000 	C:\WINDOWS\System32\PSAPI.DLL
0x00007ff9800c0000 - 0x00007ff9800c9000 	C:\WINDOWS\SYSTEM32\WSOCK32.dll
0x00007ff988930000 - 0x00007ff98893a000 	C:\WINDOWS\SYSTEM32\VERSION.dll
0x00007ff98ae20000 - 0x00007ff98ae43000 	C:\WINDOWS\SYSTEM32\WINMM.dll
0x00007ff98eab0000 - 0x00007ff98eb1c000 	C:\WINDOWS\System32\WS2_32.dll
0x00007ff98adf0000 - 0x00007ff98ae1a000 	C:\WINDOWS\SYSTEM32\winmmbase.dll
0x00007ff98d970000 - 0x00007ff98d9b9000 	C:\WINDOWS\System32\cfgmgr32.dll
0x00007ff97f0f0000 - 0x00007ff97f0ff000 	C:\Program Files\Android\Android Studio\jre\jre\bin\verify.dll
0x00007ff97ed60000 - 0x00007ff97ed89000 	C:\Program Files\Android\Android Studio\jre\jre\bin\java.dll
0x00007ff97ef10000 - 0x00007ff97ef26000 	C:\Program Files\Android\Android Studio\jre\jre\bin\zip.dll
0x00007ff98f010000 - 0x00007ff99044f000 	C:\WINDOWS\System32\SHELL32.dll
0x00007ff98dca0000 - 0x00007ff98dd49000 	C:\WINDOWS\System32\shcore.dll
0x00007ff98d1b0000 - 0x00007ff98d8bd000 	C:\WINDOWS\System32\windows.storage.dll
0x00007ff9904f0000 - 0x00007ff990541000 	C:\WINDOWS\System32\shlwapi.dll
0x00007ff98cba0000 - 0x00007ff98cbb1000 	C:\WINDOWS\System32\kernel.appcore.dll
0x00007ff98cbc0000 - 0x00007ff98cbdf000 	C:\WINDOWS\System32\profapi.dll
0x00007ff98cb20000 - 0x00007ff98cb6c000 	C:\WINDOWS\System32\powrprof.dll
0x00007ff98cb90000 - 0x00007ff98cb9a000 	C:\WINDOWS\System32\FLTLIB.DLL
0x00007ff97e540000 - 0x00007ff97e55a000 	C:\Program Files\Android\Android Studio\jre\jre\bin\net.dll
0x00007ff98c340000 - 0x00007ff98c3a6000 	C:\WINDOWS\system32\mswsock.dll
0x00007ff97e520000 - 0x00007ff97e531000 	C:\Program Files\Android\Android Studio\jre\jre\bin\nio.dll
0x00007ff989760000 - 0x00007ff98977e000 	C:\Users\plare\.gradle\native\25\windows-amd64\native-platform.dll
0x00007ff97f0e0000 - 0x00007ff97f0ed000 	C:\Program Files\Android\Android Studio\jre\jre\bin\management.dll
0x00007ff98c500000 - 0x00007ff98c517000 	C:\WINDOWS\SYSTEM32\CRYPTSP.dll
0x00007ff98bf20000 - 0x00007ff98bf53000 	C:\WINDOWS\system32\rsaenh.dll
0x00007ff98c620000 - 0x00007ff98c645000 	C:\WINDOWS\SYSTEM32\bcrypt.dll
0x00007ff98ca50000 - 0x00007ff98ca78000 	C:\WINDOWS\SYSTEM32\USERENV.dll
0x00007ff98c4f0000 - 0x00007ff98c4fb000 	C:\WINDOWS\SYSTEM32\CRYPTBASE.dll
0x00007ff98c0c0000 - 0x00007ff98c0f8000 	C:\WINDOWS\SYSTEM32\IPHLPAPI.DLL
0x00007ff98e4d0000 - 0x00007ff98e4d8000 	C:\WINDOWS\System32\NSI.dll
0x00007ff986c10000 - 0x00007ff986c26000 	C:\WINDOWS\SYSTEM32\dhcpcsvc6.DLL
0x00007ff986bf0000 - 0x00007ff986c0a000 	C:\WINDOWS\SYSTEM32\dhcpcsvc.DLL
0x00007ff98bc10000 - 0x00007ff98bc41000 	C:\WINDOWS\SYSTEM32\ntmarta.dll
0x00007ff972f30000 - 0x00007ff972f54000 	C:\Program Files\Android\Android Studio\jre\jre\bin\sunec.dll
0x00007ff98c100000 - 0x00007ff98c1be000 	C:\WINDOWS\SYSTEM32\DNSAPI.dll
0x00007ff982f50000 - 0x00007ff982f5a000 	C:\Windows\System32\rasadhlp.dll
0x00007ff986c90000 - 0x00007ff986d02000 	C:\WINDOWS\System32\fwpuclnt.dll
0x00007ff9737c0000 - 0x00007ff9737cb000 	C:\Program Files\Android\Android Studio\jre\jre\bin\sunmscapi.dll
0x00007ff98ce20000 - 0x00007ff98d002000 	C:\WINDOWS\System32\CRYPT32.dll
0x00007ff98cb70000 - 0x00007ff98cb82000 	C:\WINDOWS\System32\MSASN1.dll

VM Arguments:
jvm_args: -Xmx1536m -Dfile.encoding=windows-1252 -Duser.country=US -Duser.language=en -Duser.variant 
java_command: org.gradle.launcher.daemon.bootstrap.GradleDaemon 4.6
java_class_path (initial): C:\Users\plare\.gradle\wrapper\dists\gradle-4.6-all\bcst21l2brirad8k2ben1letg\gradle-4.6\lib\gradle-launcher-4.6.jar
Launcher Type: SUN_STANDARD

Environment Variables:
JAVA_HOME=C:\Program Files\Java\jdk1.8.0_171
PATH=C:\Program Files (x86)\Common Files\Oracle\Java\javapath;C:\WINDOWS\system32;C:\WINDOWS;C:\WINDOWS\System32\Wbem;C:\WINDOWS\System32\WindowsPowerShell\v1.0\;C:\Program Files\mCRL2\bin;C:\WINDOWS\System32\OpenSSH\;C:\Program Files\Git\cmd;C:\Program Files\Java\jdk1.8.0_171\bin;C:\Program Files\Java\jdk1.8.0_171\bin;C:\Users\plare\AppData\Local\Programs\MiKTeX 2.9\miktex\bin\x64\;C:\Users\plare\AppData\Local\Microsoft\WindowsApps;C:\Users\plare\AppData\Local\GitHubDesktop\bin
USERNAME=plare
OS=Windows_NT
PROCESSOR_IDENTIFIER=Intel64 Family 6 Model 78 Stepping 3, GenuineIntel



---------------  S Y S T E M  ---------------

OS: Windows 10.0 , 64 bit Build 17134 (10.0.17134.1)

CPU:total 4 (initial active 4) (2 cores per cpu, 2 threads per core) family 6 model 78 stepping 3, cmov, cx8, fxsr, mmx, sse, sse2, sse3, ssse3, sse4.1, sse4.2, popcnt, avx, avx2, aes, clmul, erms, 3dnowpref, lzcnt, ht, tsc, tscinvbit, bmi1, bmi2, adx

Memory: 4k page, physical 7822900k(407060k free), swap 7822900k(2868k free)

vm_info: OpenJDK 64-Bit Server VM (25.152-b06) for windows-amd64 JRE (1.8.0_152-release-1136-b06), built by "builder" with MS VC++ 10.0 (VS2010)

time: Wed Nov 07 14:50:01 2018
elapsed time: 3055 seconds (0d 0h 50m 55s)

